2025-04-22 20:34:48 [INFO] Logging started

2025-04-22 20:34:48 [WARN] The command at /home/tipptop/dev/discord/bots/jeans-lustiger-bot/src/commands/commands.ts is not a suitable command.

2025-04-22 20:37:31 [INFO] Logging started

2025-04-22 20:37:31 [WARN] The command at /home/tipptop/dev/discord/bots/jeans-lustiger-bot/src/commands/commands.ts is not a suitable command.

2025-04-22 20:37:57 [INFO] Logging started

2025-04-22 20:37:57 [WARN] The command at /home/tipptop/dev/discord/bots/jeans-lustiger-bot/src/commands/commands.ts is not a suitable command.

2025-04-22 20:37:57 [WARN] The command at /home/tipptop/dev/discord/bots/jeans-lustiger-bot/src/commands/terms/revoke.ts is not a suitable command.

2025-04-22 21:03:09 [INFO] Logging started
2025-04-22 21:03:09 [WARN] The command at /home/tipptop/dev/discord/bots/jeans-lustiger-bot/src/commands/commands.ts is not a suitable command.
2025-04-22 21:03:09 [WARN] The command at /home/tipptop/dev/discord/bots/jeans-lustiger-bot/src/commands/terms/revoke.ts is not a suitable command.
2025-04-22 21:09:55 [INFO] Logging started
2025-04-22 21:09:56 [WARN] The command at /home/tipptop/dev/discord/bots/jeans-lustiger-bot/src/commands/commands.ts is not a suitable command.
2025-04-22 21:09:56 [WARN] The command at /home/tipptop/dev/discord/bots/jeans-lustiger-bot/src/commands/terms/revoke.ts is not a suitable command.
2025-04-22 21:12:18 [INFO] Logging started
2025-04-22 21:12:18 [WARN] The command at /home/tipptop/dev/discord/bots/jeans-lustiger-bot/src/commands/commands.ts is not a suitable command.
2025-04-22 21:12:18 [INFO] Command accept registered
2025-04-22 21:12:18 [WARN] The command at /home/tipptop/dev/discord/bots/jeans-lustiger-bot/src/commands/terms/revoke.ts is not a suitable command.
2025-04-22 21:12:19 [INFO] Command ping registered
2025-04-22 21:12:19 [INFO] Ready! Logged in as Jeans lustiger Bot#8643
2025-04-22 21:14:47 [INFO] Logging started
2025-04-22 21:14:47 [WARN] The command at /home/tipptop/dev/discord/bots/jeans-lustiger-bot/src/commands/commands.ts is not a suitable command.
2025-04-22 21:14:47 [INFO] Command accept registered
2025-04-22 21:14:47 [WARN] The command at /home/tipptop/dev/discord/bots/jeans-lustiger-bot/src/commands/terms/revoke.ts is not a suitable command.
2025-04-22 21:14:47 [INFO] Command ping registered
2025-04-22 21:14:48 [INFO] Ready! Logged in as Jeans lustiger Bot#8643
2025-04-22 21:17:06 [INFO] Logging started
2025-04-22 21:17:06 [WARN] The command at /home/tipptop/dev/discord/bots/jeans-lustiger-bot/src/commands/commands.ts is not a suitable command.
2025-04-22 21:17:06 [INFO] Command accept registered
2025-04-22 21:17:06 [WARN] The command at /home/tipptop/dev/discord/bots/jeans-lustiger-bot/src/commands/terms/revoke.ts is not a suitable command.
2025-04-22 21:17:06 [INFO] Command ping registered
2025-04-22 21:17:07 [INFO] Ready! Logged in as Jeans lustiger Bot#8643
2025-04-22 21:18:30 [INFO] Logging started
2025-04-22 21:18:30 [WARN] The command at /home/tipptop/dev/discord/bots/jeans-lustiger-bot/src/commands/commands.ts is not a suitable command.
2025-04-22 21:18:30 [INFO] Command accept registered
2025-04-22 21:18:30 [WARN] The command at /home/tipptop/dev/discord/bots/jeans-lustiger-bot/src/commands/terms/revoke.ts is not a suitable command.
2025-04-22 21:18:30 [INFO] Command ping registered
2025-04-22 21:18:30 [INFO] Ready! Logged in as Jeans lustiger Bot#8643
2025-04-22 21:21:13 [INFO] Logging started
2025-04-22 21:21:13 [WARN] The command at /home/tipptop/dev/discord/bots/jeans-lustiger-bot/src/commands/commands.ts is not a suitable command.
2025-04-22 21:21:13 [INFO] Command accept registered
2025-04-22 21:21:13 [WARN] The command at /home/tipptop/dev/discord/bots/jeans-lustiger-bot/src/commands/terms/revoke.ts is not a suitable command.
2025-04-22 21:21:13 [INFO] Command ping registered
2025-04-22 21:21:15 [INFO] Ready! Logged in as Jeans lustiger Bot#8643
2025-04-22 21:21:51 [INFO] Logging started
2025-04-22 21:21:51 [WARN] The command at /home/tipptop/dev/discord/bots/jeans-lustiger-bot/src/commands/commands.ts is not a suitable command.
2025-04-22 21:21:51 [WARN] The command at /home/tipptop/dev/discord/bots/jeans-lustiger-bot/src/commands/terms/revoke.ts is not a suitable command.
2025-04-22 21:21:51 [INFO] Commands [object Map] registered
2025-04-22 21:21:51 [INFO] Ready! Logged in as Jeans lustiger Bot#8643
2025-04-22 21:22:15 [INFO] Logging started
2025-04-22 21:22:15 [WARN] The command at /home/tipptop/dev/discord/bots/jeans-lustiger-bot/src/commands/commands.ts is not a suitable command.
2025-04-22 21:22:15 [WARN] The command at /home/tipptop/dev/discord/bots/jeans-lustiger-bot/src/commands/terms/revoke.ts is not a suitable command.
2025-04-22 21:24:12 [INFO] Logging started
2025-04-22 21:24:12 [WARN] The command at /home/tipptop/dev/discord/bots/jeans-lustiger-bot/src/commands/commands.ts is not a suitable command.
2025-04-22 21:24:12 [WARN] The command at /home/tipptop/dev/discord/bots/jeans-lustiger-bot/src/commands/terms/revoke.ts is not a suitable command.
2025-04-22 21:24:12 [INFO] Commands accept, ping registered
2025-04-22 21:24:13 [INFO] Ready! Logged in as Jeans lustiger Bot#8643
2025-04-22 21:25:41 [INFO] Logging started
2025-04-22 21:25:41 [WARN] The command at /home/tipptop/dev/discord/bots/jeans-lustiger-bot/src/commands/commands.ts is not a suitable command.
2025-04-22 21:25:41 [WARN] The command at /home/tipptop/dev/discord/bots/jeans-lustiger-bot/src/commands/terms/revoke.ts is not a suitable command.
2025-04-22 21:25:41 [INFO] Registered 2 Commands:
accept
ping
2025-04-22 21:25:42 [INFO] Ready! Logged in as Jeans lustiger Bot#8643
2025-04-22 21:26:53 [INFO] Logging started
2025-04-22 21:26:53 [WARN] The command at /home/tipptop/dev/discord/bots/jeans-lustiger-bot/src/commands/commands.ts is not a suitable command.
2025-04-22 21:26:53 [WARN] The command at /home/tipptop/dev/discord/bots/jeans-lustiger-bot/src/commands/terms/revoke.ts is not a suitable command.
2025-04-22 21:26:53 [INFO] Registered 2 Commands:
accept | Accept the Terms and GDPR to let the bot listen to you.
ping | Replies with Pong!
2025-04-22 21:26:54 [INFO] Ready! Logged in as Jeans lustiger Bot#8643
2025-04-22 21:28:12 [INFO] Logging started
2025-04-22 21:28:12 [WARN] The command at /home/tipptop/dev/discord/bots/jeans-lustiger-bot/src/commands/commands.ts is not a suitable command.
2025-04-22 21:28:12 [WARN] The command at /home/tipptop/dev/discord/bots/jeans-lustiger-bot/src/commands/terms/revoke.ts is not a suitable command.
2025-04-22 21:28:12 [INFO] Registered 2 Commands:
accept | Accept the Terms and GDPR to let the bot listen to you.
ping   | Replies with Pong!
2025-04-22 21:28:13 [INFO] Ready! Logged in as Jeans lustiger Bot#8643
2025-04-22 21:29:11 [INFO] Logging started
2025-04-22 21:29:11 [WARN] The command at /home/tipptop/dev/discord/bots/jeans-lustiger-bot/src/commands/commands.ts is not a suitable command.
2025-04-22 21:29:11 [WARN] The command at /home/tipptop/dev/discord/bots/jeans-lustiger-bot/src/commands/terms/revoke.ts is not a suitable command.
2025-04-22 21:29:11 [INFO] Registered 2 Commands:
accept | Accept the Terms and GDPR to let the bot listen to you.
ping   | Replies with Pong!
{
  [32m'0'[39m: [
    [32m'accept'[39m,
    [Module: null prototype] {
      data: SlashCommandBuilder {
        options: [],
        name: [32m'accept'[39m,
        name_localizations: [90mundefined[39m,
        description: [32m'Accept the Terms and GDPR to let the bot listen to you.'[39m,
        description_localizations: [90mundefined[39m,
        contexts: [90mundefined[39m,
        default_permission: [90mundefined[39m,
        default_member_permissions: [90mundefined[39m,
        dm_permission: [90mundefined[39m,
        integration_types: [90mundefined[39m,
        nsfw: [90mundefined[39m
      },
      execute: [36m[AsyncFunction: execute][39m
    }
  ],
  [32m'1'[39m: [
    [32m'ping'[39m,
    [Module: null prototype] {
      data: SlashCommandBuilder {
        options: [],
        name: [32m'ping'[39m,
        name_localizations: [90mundefined[39m,
        description: [32m'Replies with Pong!'[39m,
        description_localizations: [90mundefined[39m,
        contexts: [90mundefined[39m,
        default_permission: [90mundefined[39m,
        default_member_permissions: [90mundefined[39m,
        dm_permission: [90mundefined[39m,
        integration_types: [90mundefined[39m,
        nsfw: [90mundefined[39m
      },
      execute: [36m[AsyncFunction: execute][39m
    }
  ],
  [[32mSymbol(level)[39m]: [32m'info'[39m,
  [[32mSymbol(splat)[39m]: [
    [
      [
        [32m'accept'[39m,
        [Module: null prototype] {
          data: SlashCommandBuilder {
            options: [],
            name: [32m'accept'[39m,
            name_localizations: [90mundefined[39m,
            description: [32m'Accept the Terms and GDPR to let the bot listen to you.'[39m,
            description_localizations: [90mundefined[39m,
            contexts: [90mundefined[39m,
            default_permission: [90mundefined[39m,
            default_member_permissions: [90mundefined[39m,
            dm_permission: [90mundefined[39m,
            integration_types: [90mundefined[39m,
            nsfw: [90mundefined[39m
          },
          execute: [36m[AsyncFunction: execute][39m
        }
      ],
      [
        [32m'ping'[39m,
        [Module: null prototype] {
          data: SlashCommandBuilder {
            options: [],
            name: [32m'ping'[39m,
            name_localizations: [90mundefined[39m,
            description: [32m'Replies with Pong!'[39m,
            description_localizations: [90mundefined[39m,
            contexts: [90mundefined[39m,
            default_permission: [90mundefined[39m,
            default_member_permissions: [90mundefined[39m,
            dm_permission: [90mundefined[39m,
            integration_types: [90mundefined[39m,
            nsfw: [90mundefined[39m
          },
          execute: [36m[AsyncFunction: execute][39m
        }
      ]
    ]
  ]
}
2025-04-22 21:29:11 [INFO] Ready! Logged in as Jeans lustiger Bot#8643
2025-04-22 21:30:02 [INFO] Logging started
2025-04-22 21:30:02 [WARN] The command at /home/tipptop/dev/discord/bots/jeans-lustiger-bot/src/commands/commands.ts is not a suitable command.
2025-04-22 21:30:02 [WARN] The command at /home/tipptop/dev/discord/bots/jeans-lustiger-bot/src/commands/terms/revoke.ts is not a suitable command.
2025-04-22 21:30:02 [INFO] Registered 2 Commands:
accept | Accept the Terms and GDPR to let the bot listen to you.
ping   | Replies with Pong!
{
  '0': [
    'accept',
    [Module: null prototype] {
      data: [SlashCommandBuilder],
      execute: [AsyncFunction: execute]
    }
  ],
  '1': [
    'ping',
    [Module: null prototype] {
      data: [SlashCommandBuilder],
      execute: [AsyncFunction: execute]
    }
  ],
  [Symbol(level)]: 'info',
  [Symbol(splat)]: [ [ [Array], [Array] ] ]
}
2025-04-22 21:30:03 [INFO] Ready! Logged in as Jeans lustiger Bot#8643
2025-04-22 21:44:32 [INFO] Logging started
2025-04-22 21:44:32 [WARN] The command at /home/tipptop/dev/discord/bots/jeans-lustiger-bot/src/commands/commands.ts is not a suitable command.
2025-04-22 21:44:32 [WARN] The command at /home/tipptop/dev/discord/bots/jeans-lustiger-bot/src/commands/terms/revoke.ts is not a suitable command.
2025-04-22 21:44:32 [INFO] Registered 2 Commands:
accept | Accept the Terms and GDPR to let the bot listen to you.
ping   | Replies with Pong!
{
  '0': [
    'accept',
    [Module: null prototype] {
      data: [SlashCommandBuilder],
      execute: [AsyncFunction: execute]
    }
  ],
  '1': [
    'ping',
    [Module: null prototype] {
      data: [SlashCommandBuilder],
      execute: [AsyncFunction: execute]
    }
  ],
  [Symbol(level)]: 'info',
  [Symbol(splat)]: [ [ [Array], [Array] ] ]
}
2025-04-22 21:44:33 [INFO] Ready! Logged in as Jeans lustiger Bot#8643
2025-04-22 22:00:04 [INFO] Logging started
2025-04-22 22:00:05 [WARN] The command at /home/tipptop/dev/discord/bots/jeans-lustiger-bot/src/commands/commands.ts is not a suitable command.
2025-04-22 22:00:05 [WARN] The command at /home/tipptop/dev/discord/bots/jeans-lustiger-bot/src/commands/terms/revoke.ts is not a suitable command.
2025-04-22 22:00:05 [INFO] Registered 2 Commands:
accept | Accept the Terms and GDPR to let the bot listen to you.
ping   | Replies with Pong!
{
  '0': [
    'accept',
    [Module: null prototype] {
      data: [SlashCommandBuilder],
      execute: [AsyncFunction: execute]
    }
  ],
  '1': [
    'ping',
    [Module: null prototype] {
      data: [SlashCommandBuilder],
      execute: [AsyncFunction: execute]
    }
  ],
  [Symbol(level)]: 'info',
  [Symbol(splat)]: [ [ [Array], [Array] ] ]
}
2025-04-22 22:00:05 [INFO] Ready! Logged in as Jeans lustiger Bot#8643
2025-04-22 22:06:41 [INFO] Logging started
2025-04-22 22:06:41 [WARN] The command at /home/tipptop/dev/discord/bots/jeans-lustiger-bot/src/commands/commands.ts is not a suitable command.
2025-04-22 22:06:41 [WARN] The command at /home/tipptop/dev/discord/bots/jeans-lustiger-bot/src/commands/terms/revoke.ts is not a suitable command.
2025-04-22 22:06:41 [INFO] Registered 2 Commands:
accept | Accept the Terms and GDPR to let the bot listen to you.
ping   | Replies with Pong!
{
  '0': [
    'accept',
    [Module: null prototype] {
      data: [SlashCommandBuilder],
      execute: [AsyncFunction: execute]
    }
  ],
  '1': [
    'ping',
    [Module: null prototype] {
      data: [SlashCommandBuilder],
      execute: [AsyncFunction: execute]
    }
  ],
  [Symbol(level)]: 'info',
  [Symbol(splat)]: [ [ [Array], [Array] ] ]
}
2025-04-22 22:06:42 [INFO] Reloading commands...
2025-04-22 22:06:42 [INFO] Ready! Logged in as Jeans lustiger Bot#8643
2025-04-22 22:06:43 [INFO] Reloading commands...
2025-04-22 22:06:45 [INFO] Reloading commands...
2025-04-22 22:11:34 [INFO] Logging started
2025-04-22 22:11:34 [WARN] The command at /home/tipptop/dev/discord/bots/jeans-lustiger-bot/src/commands/commands.ts is not a suitable command.
2025-04-22 22:11:34 [WARN] The command at /home/tipptop/dev/discord/bots/jeans-lustiger-bot/src/commands/terms/revoke.ts is not a suitable command.
2025-04-22 22:11:34 [INFO] Registered 2 Commands:
accept | Accept the Terms and GDPR to let the bot listen to you.
ping   | Replies with Pong!
{
  '0': [
    'accept',
    [Module: null prototype] {
      data: [SlashCommandBuilder],
      execute: [AsyncFunction: execute]
    }
  ],
  '1': [
    'ping',
    [Module: null prototype] {
      data: [SlashCommandBuilder],
      execute: [AsyncFunction: execute]
    }
  ],
  [Symbol(level)]: 'info',
  [Symbol(splat)]: [ [ [Array], [Array] ] ]
}
2025-04-22 22:11:35 [INFO] Ready! Logged in as Jeans lustiger Bot#8643
2025-04-22 22:13:12 [INFO] Logging started
2025-04-22 22:13:12 [WARN] The command at /home/tipptop/dev/discord/bots/jeans-lustiger-bot/src/commands/commands.ts is not a suitable command.
2025-04-22 22:13:12 [WARN] The command at /home/tipptop/dev/discord/bots/jeans-lustiger-bot/src/commands/terms/revoke.ts is not a suitable command.
2025-04-22 22:13:12 [INFO] Registered 2 Commands:
accept | Accept the Terms and GDPR to let the bot listen to you.
ping   | Replies with Pong!
{
  '0': [
    'accept',
    [Module: null prototype] {
      data: [SlashCommandBuilder],
      execute: [AsyncFunction: execute]
    }
  ],
  '1': [
    'ping',
    [Module: null prototype] {
      data: [SlashCommandBuilder],
      execute: [AsyncFunction: execute]
    }
  ],
  [Symbol(level)]: 'info',
  [Symbol(splat)]: [ [ [Array], [Array] ] ]
}
2025-04-22 22:13:13 [INFO] Ready! Logged in as Jeans lustiger Bot#8643
2025-04-22 22:13:18 [INFO] Logging started
2025-04-22 22:13:19 [WARN] The command at /home/tipptop/dev/discord/bots/jeans-lustiger-bot/src/commands/commands.ts is not a suitable command.
2025-04-22 22:13:19 [WARN] The command at /home/tipptop/dev/discord/bots/jeans-lustiger-bot/src/commands/terms/revoke.ts is not a suitable command.
2025-04-22 22:13:19 [INFO] Registered 2 Commands:
accept | Accept the Terms and GDPR to let the bot listen to you.
ping   | Replies with Pong!
{
  '0': [
    'accept',
    [Module: null prototype] {
      data: [SlashCommandBuilder],
      execute: [AsyncFunction: execute]
    }
  ],
  '1': [
    'ping',
    [Module: null prototype] {
      data: [SlashCommandBuilder],
      execute: [AsyncFunction: execute]
    }
  ],
  [Symbol(level)]: 'info',
  [Symbol(splat)]: [ [ [Array], [Array] ] ]
}
2025-04-22 22:13:19 [INFO] Ready! Logged in as Jeans lustiger Bot#8643
2025-04-22 22:13:57 [INFO] Logging started
2025-04-22 22:13:57 [WARN] The command at /home/tipptop/dev/discord/bots/jeans-lustiger-bot/src/commands/commands.ts is not a suitable command.
2025-04-22 22:13:57 [WARN] The command at /home/tipptop/dev/discord/bots/jeans-lustiger-bot/src/commands/terms/revoke.ts is not a suitable command.
2025-04-22 22:13:57 [INFO] Registered 2 Commands:
accept | Accept the Terms and GDPR to let the bot listen to you.
ping   | Replies with Pong!
{
  '0': [
    'accept',
    [Module: null prototype] {
      data: [SlashCommandBuilder],
      execute: [AsyncFunction: execute]
    }
  ],
  '1': [
    'ping',
    [Module: null prototype] {
      data: [SlashCommandBuilder],
      execute: [AsyncFunction: execute]
    }
  ],
  [Symbol(level)]: 'info',
  [Symbol(splat)]: [ [ [Array], [Array] ] ]
}
2025-04-22 22:13:58 [INFO] Ready! Logged in as Jeans lustiger Bot#8643
2025-04-22 22:14:21 [INFO] Logging started
2025-04-22 22:14:21 [WARN] The command at /home/tipptop/dev/discord/bots/jeans-lustiger-bot/src/commands/commands.ts is not a suitable command.
2025-04-22 22:14:21 [WARN] The command at /home/tipptop/dev/discord/bots/jeans-lustiger-bot/src/commands/terms/revoke.ts is not a suitable command.
2025-04-22 22:14:21 [INFO] Registered 2 Commands:
accept | Accept the Terms and GDPR to let the bot listen to you.
ping   | Replies with Pong!
{
  '0': [
    'accept',
    [Module: null prototype] {
      data: [SlashCommandBuilder],
      execute: [AsyncFunction: execute]
    }
  ],
  '1': [
    'ping',
    [Module: null prototype] {
      data: [SlashCommandBuilder],
      execute: [AsyncFunction: execute]
    }
  ],
  [Symbol(level)]: 'info',
  [Symbol(splat)]: [ [ [Array], [Array] ] ]
}
2025-04-22 22:14:21 [INFO] Ready! Logged in as Jeans lustiger Bot#8643
2025-04-22 22:16:04 [INFO] Logging started
2025-04-22 22:16:04 [WARN] The command at /home/tipptop/dev/discord/bots/jeans-lustiger-bot/src/commands/commands.ts is not a suitable command.
2025-04-22 22:16:04 [WARN] The command at /home/tipptop/dev/discord/bots/jeans-lustiger-bot/src/commands/terms/revoke.ts is not a suitable command.
2025-04-22 22:16:04 [INFO] Registered 2 Commands:
accept | Accept the Terms and GDPR to let the bot listen to you.
ping   | Replies with Pong!
{
  '0': [
    'accept',
    [Module: null prototype] {
      data: [SlashCommandBuilder],
      execute: [AsyncFunction: execute]
    }
  ],
  '1': [
    'ping',
    [Module: null prototype] {
      data: [SlashCommandBuilder],
      execute: [AsyncFunction: execute]
    }
  ],
  [Symbol(level)]: 'info',
  [Symbol(splat)]: [ [ [Array], [Array] ] ]
}
2025-04-22 22:16:04 [INFO] Ready! Logged in as Jeans lustiger Bot#8643
2025-04-22 22:16:07 [INFO] Reloading commands...
2025-04-22 22:16:07 [INFO] Reloading commands...
2025-04-22 22:16:07 [WARN] The command at /home/tipptop/dev/discord/bots/jeans-lustiger-bot/src/commands/commands.ts is not a suitable command.
2025-04-22 22:16:07 [WARN] The command at /home/tipptop/dev/discord/bots/jeans-lustiger-bot/src/commands/commands.ts is not a suitable command.
2025-04-22 22:16:07 [WARN] The command at /home/tipptop/dev/discord/bots/jeans-lustiger-bot/src/commands/terms/revoke.ts is not a suitable command.
2025-04-22 22:16:07 [WARN] The command at /home/tipptop/dev/discord/bots/jeans-lustiger-bot/src/commands/terms/revoke.ts is not a suitable command.
2025-04-22 22:16:14 [INFO] Reloading commands...
2025-04-22 22:16:14 [WARN] The command at /home/tipptop/dev/discord/bots/jeans-lustiger-bot/src/commands/commands.ts is not a suitable command.
2025-04-22 22:16:14 [WARN] The command at /home/tipptop/dev/discord/bots/jeans-lustiger-bot/src/commands/terms/revoke.ts is not a suitable command.
2025-04-22 22:16:39 [INFO] Logging started
2025-04-22 22:16:39 [WARN] The command at /home/tipptop/dev/discord/bots/jeans-lustiger-bot/src/commands/commands.ts is not a suitable command.
2025-04-22 22:16:39 [WARN] The command at /home/tipptop/dev/discord/bots/jeans-lustiger-bot/src/commands/terms/revoke.ts is not a suitable command.
2025-04-22 22:16:39 [INFO] Registered 2 Commands:
accept | Accept the Terms and GDPR to let the bot listen to you.
ping   | Replies with Pong!
{
  '0': [
    'accept',
    [Module: null prototype] {
      data: [SlashCommandBuilder],
      execute: [AsyncFunction: execute]
    }
  ],
  '1': [
    'ping',
    [Module: null prototype] {
      data: [SlashCommandBuilder],
      execute: [AsyncFunction: execute]
    }
  ],
  [Symbol(level)]: 'info',
  [Symbol(splat)]: [ [ [Array], [Array] ] ]
}
2025-04-22 22:16:39 [INFO] Ready! Logged in as Jeans lustiger Bot#8643
2025-04-22 22:16:51 [INFO] Logging started
2025-04-22 22:16:51 [WARN] The command at /home/tipptop/dev/discord/bots/jeans-lustiger-bot/src/commands/commands.ts is not a suitable command.
2025-04-22 22:16:51 [WARN] The command at /home/tipptop/dev/discord/bots/jeans-lustiger-bot/src/commands/terms/revoke.ts is not a suitable command.
2025-04-22 22:16:51 [INFO] Registered 2 Commands:
accept | Accept the Terms and GDPR to let the bot listen to you.
ping   | Replies with Pong!
{
  '0': [
    'accept',
    [Module: null prototype] {
      data: [SlashCommandBuilder],
      execute: [AsyncFunction: execute]
    }
  ],
  '1': [
    'ping',
    [Module: null prototype] {
      data: [SlashCommandBuilder],
      execute: [AsyncFunction: execute]
    }
  ],
  [Symbol(level)]: 'info',
  [Symbol(splat)]: [ [ [Array], [Array] ] ]
}
2025-04-22 22:25:53 [INFO] Got comman
2025-04-22 22:30:39 [INFO] Logging started
2025-04-22 22:30:50 [INFO] Logging started
2025-04-22 22:30:50 [WARN] The command at /home/tipptop/dev/discord/bots/jeans-lustiger-bot/src/commands/commands.ts is not a suitable command.
2025-04-22 22:30:50 [WARN] The command at /home/tipptop/dev/discord/bots/jeans-lustiger-bot/src/commands/terms/revoke.ts is not a suitable command.
2025-04-22 22:30:50 [INFO] Registered 2 Commands:
accept | Accept the Terms and GDPR to let the bot listen to you.
ping   | Replies with Pong!
{
  '0': [
    'accept',
    [Module: null prototype] {
      data: [SlashCommandBuilder],
      execute: [AsyncFunction: execute]
    }
  ],
  '1': [
    'ping',
    [Module: null prototype] {
      data: [SlashCommandBuilder],
      execute: [AsyncFunction: execute]
    }
  ],
  [Symbol(level)]: 'info',
  [Symbol(splat)]: [ [ [Array], [Array] ] ]
}
2025-04-22 22:30:51 [INFO] Ready! Logged in as Jeans lustiger Bot#8643
2025-04-22 22:30:57 [ERROR] undefined
{
  requestBody: { files: [], json: { type: 4, data: [Object] } },
  rawError: {
    message: 'Invalid Form Body',
    code: 50035,
    errors: { data: [Object] }
  },
  code: 50035,
  status: 400,
  method: 'POST',
  url: 'https://discord.com/api/v10/interactions/1364337716212531271/aW50ZXJhY3Rpb246MTM2NDMzNzcxNjIxMjUzMTI3MTpCcFY5aEVpY1QzdFNwZFNsWGJUQTgzaFlkbVJpUDhnS2gyOGdGcDlwaDdIcUl3M1RzeUxCYWVwcWxOaDExRUdUSHNvRVE4RVlmZnpnSlR2OENMWk51dWlKRm90OW54Mk1vQlpETEtTcVZkN2RjVFdEcERZRlJac0hhOXNKUXgxNg/callback?with_response=false',
  [Symbol(level)]: 'error'
}
2025-04-22 22:35:15 [INFO] Logging started
2025-04-22 22:35:15 [WARN] The command at /home/tipptop/dev/discord/bots/jeans-lustiger-bot/src/commands/commands.ts is not a suitable command.
2025-04-22 22:35:15 [WARN] The command at /home/tipptop/dev/discord/bots/jeans-lustiger-bot/src/commands/terms/revoke.ts is not a suitable command.
2025-04-22 22:35:15 [INFO] Registered 2 Commands:
accept | Accept the Terms and GDPR to let the bot listen to you.
ping   | Replies with Pong!
{
  '0': [
    'accept',
    [Module: null prototype] {
      data: [SlashCommandBuilder],
      execute: [AsyncFunction: execute]
    }
  ],
  '1': [
    'ping',
    [Module: null prototype] {
      data: [SlashCommandBuilder],
      execute: [AsyncFunction: execute]
    }
  ],
  [Symbol(level)]: 'info',
  [Symbol(splat)]: [ [ [Array], [Array] ] ]
}
2025-04-22 22:35:16 [INFO] Ready! Logged in as Jeans lustiger Bot#8643
2025-04-22 22:35:20 [INFO] Logging started
2025-04-22 22:35:20 [WARN] The command at /home/tipptop/dev/discord/bots/jeans-lustiger-bot/src/commands/commands.ts is not a suitable command.
2025-04-22 22:35:20 [WARN] The command at /home/tipptop/dev/discord/bots/jeans-lustiger-bot/src/commands/terms/revoke.ts is not a suitable command.
2025-04-22 22:35:20 [INFO] Registered 2 Commands:
accept | Accept the Terms and GDPR to let the bot listen to you.
ping   | Replies with Pong!
{
  '0': [
    'accept',
    [Module: null prototype] {
      data: [SlashCommandBuilder],
      execute: [AsyncFunction: execute]
    }
  ],
  '1': [
    'ping',
    [Module: null prototype] {
      data: [SlashCommandBuilder],
      execute: [AsyncFunction: execute]
    }
  ],
  [Symbol(level)]: 'info',
  [Symbol(splat)]: [ [ [Array], [Array] ] ]
}
2025-04-22 22:35:21 [INFO] Ready! Logged in as Jeans lustiger Bot#8643
2025-04-22 22:35:28 [INFO] Got command accept
2025-04-22 22:35:28 [ERROR] Error while executing command accept Invalid Form Body
data.components[0].components[0].emoji.name[BUTTON_COMPONENT_INVALID_EMOJI]: Invalid emoji
data.components[0].components[1].emoji.name[BUTTON_COMPONENT_INVALID_EMOJI]: Invalid emoji
{
  requestBody: { files: [], json: { type: 4, data: [Object] } },
  rawError: {
    message: 'Invalid Form Body',
    code: 50035,
    errors: { data: [Object] }
  },
  code: 50035,
  status: 400,
  method: 'POST',
  url: 'https://discord.com/api/v10/interactions/1364338850997993575/aW50ZXJhY3Rpb246MTM2NDMzODg1MDk5Nzk5MzU3NTpIeVFRcm5YVzNzdTQ4TkREUmt3ZGFDcE9DN094RFhpNGJVOTd5M3ZrcWtFWEVlb3oxVktMc0lUdHUxUExxYU1EbEtwMDRwOHdwa1pEY25Lc0dFZXR3U0gwVHhxc3Z0aGxsWVVJMThGcXdsU0JwY1NsS21oWUFEREpScnRyRTdxcQ/callback?with_response=false',
  stack: 'DiscordAPIError[50035]: Invalid Form Body\n' +
    'data.components[0].components[0].emoji.name[BUTTON_COMPONENT_INVALID_EMOJI]: Invalid emoji\n' +
    'data.components[0].components[1].emoji.name[BUTTON_COMPONENT_INVALID_EMOJI]: Invalid emoji\n' +
    '    at handleErrors (/home/tipptop/dev/discord/bots/jeans-lustiger-bot/node_modules/@discordjs/rest/src/lib/handlers/Shared.ts:148:10)\n' +
    '    at process.processTicksAndRejections (node:internal/process/task_queues:105:5)\n' +
    '    at async BurstHandler.runRequest (/home/tipptop/dev/discord/bots/jeans-lustiger-bot/node_modules/@discordjs/rest/src/lib/handlers/BurstHandler.ts:144:20)\n' +
    '    at async _REST.request (/home/tipptop/dev/discord/bots/jeans-lustiger-bot/node_modules/@discordjs/rest/src/lib/REST.ts:210:20)\n' +
    '    at async ChatInputCommandInteraction.reply (/home/tipptop/dev/discord/bots/jeans-lustiger-bot/node_modules/discord.js/src/structures/interfaces/InteractionResponses.js:194:22)\n' +
    '    at async Module.execute (/home/tipptop/dev/discord/bots/jeans-lustiger-bot/src/commands/terms/accept.ts:67:19)\n' +
    '    at async Client.<anonymous> (/home/tipptop/dev/discord/bots/jeans-lustiger-bot/src/index.ts:82:3)',
  [Symbol(level)]: 'error',
  [Symbol(splat)]: [
    DiscordAPIError[50035]: Invalid Form Body
    data.components[0].components[0].emoji.name[BUTTON_COMPONENT_INVALID_EMOJI]: Invalid emoji
    data.components[0].components[1].emoji.name[BUTTON_COMPONENT_INVALID_EMOJI]: Invalid emoji
        at handleErrors (/home/tipptop/dev/discord/bots/jeans-lustiger-bot/node_modules/@discordjs/rest/src/lib/handlers/Shared.ts:148:10)
        at process.processTicksAndRejections (node:internal/process/task_queues:105:5)
        at async BurstHandler.runRequest (/home/tipptop/dev/discord/bots/jeans-lustiger-bot/node_modules/@discordjs/rest/src/lib/handlers/BurstHandler.ts:144:20)
        at async _REST.request (/home/tipptop/dev/discord/bots/jeans-lustiger-bot/node_modules/@discordjs/rest/src/lib/REST.ts:210:20)
        at async ChatInputCommandInteraction.reply (/home/tipptop/dev/discord/bots/jeans-lustiger-bot/node_modules/discord.js/src/structures/interfaces/InteractionResponses.js:194:22)
        at async Module.execute (/home/tipptop/dev/discord/bots/jeans-lustiger-bot/src/commands/terms/accept.ts:67:19)
        at async Client.<anonymous> (/home/tipptop/dev/discord/bots/jeans-lustiger-bot/src/index.ts:82:3) {
      requestBody: [Object],
      rawError: [Object],
      code: 50035,
      status: 400,
      method: 'POST',
      url: 'https://discord.com/api/v10/interactions/1364338850997993575/aW50ZXJhY3Rpb246MTM2NDMzODg1MDk5Nzk5MzU3NTpIeVFRcm5YVzNzdTQ4TkREUmt3ZGFDcE9DN094RFhpNGJVOTd5M3ZrcWtFWEVlb3oxVktMc0lUdHUxUExxYU1EbEtwMDRwOHdwa1pEY25Lc0dFZXR3U0gwVHhxc3Z0aGxsWVVJMThGcXdsU0JwY1NsS21oWUFEREpScnRyRTdxcQ/callback?with_response=false'
    }
  ]
}
2025-04-22 22:36:02 [INFO] Reloading commands...
2025-04-22 22:36:02 [WARN] The command at /home/tipptop/dev/discord/bots/jeans-lustiger-bot/src/commands/commands.ts is not a suitable command.
2025-04-22 22:36:02 [WARN] The command at /home/tipptop/dev/discord/bots/jeans-lustiger-bot/src/commands/terms/revoke.ts is not a suitable command.
2025-04-22 22:36:08 [INFO] Got command accept
2025-04-22 22:36:08 [ERROR] Error while executing command accept Invalid Form Body
data.components[0].components[0].emoji.name[BUTTON_COMPONENT_INVALID_EMOJI]: Invalid emoji
data.components[0].components[1].emoji.name[BUTTON_COMPONENT_INVALID_EMOJI]: Invalid emoji
{
  requestBody: { files: [], json: { type: 4, data: [Object] } },
  rawError: {
    message: 'Invalid Form Body',
    code: 50035,
    errors: { data: [Object] }
  },
  code: 50035,
  status: 400,
  method: 'POST',
  url: 'https://discord.com/api/v10/interactions/1364339022540832950/aW50ZXJhY3Rpb246MTM2NDMzOTAyMjU0MDgzMjk1MDp2dUJmdFN1TTlaY0paMkhUVGp2OU4xU2piVkJJZEszclk2ZHFDb2xrdDE0NkVhZGRBUVNmZjYzbnJDOU85S3lBUzFOVnY1ZldmNkRtanN1eVpCVDdxZXh5U2NGRWQ2dTB3R1VaQXBVNDFCaDdHeDFPWmNrM2NtdDVtZUIxVEY2Sg/callback?with_response=false',
  stack: 'DiscordAPIError[50035]: Invalid Form Body\n' +
    'data.components[0].components[0].emoji.name[BUTTON_COMPONENT_INVALID_EMOJI]: Invalid emoji\n' +
    'data.components[0].components[1].emoji.name[BUTTON_COMPONENT_INVALID_EMOJI]: Invalid emoji\n' +
    '    at handleErrors (/home/tipptop/dev/discord/bots/jeans-lustiger-bot/node_modules/@discordjs/rest/src/lib/handlers/Shared.ts:148:10)\n' +
    '    at process.processTicksAndRejections (node:internal/process/task_queues:105:5)\n' +
    '    at async BurstHandler.runRequest (/home/tipptop/dev/discord/bots/jeans-lustiger-bot/node_modules/@discordjs/rest/src/lib/handlers/BurstHandler.ts:144:20)\n' +
    '    at async _REST.request (/home/tipptop/dev/discord/bots/jeans-lustiger-bot/node_modules/@discordjs/rest/src/lib/REST.ts:210:20)\n' +
    '    at async ChatInputCommandInteraction.reply (/home/tipptop/dev/discord/bots/jeans-lustiger-bot/node_modules/discord.js/src/structures/interfaces/InteractionResponses.js:194:22)\n' +
    '    at async Module.execute (/home/tipptop/dev/discord/bots/jeans-lustiger-bot/src/commands/terms/accept.ts:67:19)\n' +
    '    at async Client.<anonymous> (/home/tipptop/dev/discord/bots/jeans-lustiger-bot/src/index.ts:82:3)',
  [Symbol(level)]: 'error',
  [Symbol(splat)]: [
    DiscordAPIError[50035]: Invalid Form Body
    data.components[0].components[0].emoji.name[BUTTON_COMPONENT_INVALID_EMOJI]: Invalid emoji
    data.components[0].components[1].emoji.name[BUTTON_COMPONENT_INVALID_EMOJI]: Invalid emoji
        at handleErrors (/home/tipptop/dev/discord/bots/jeans-lustiger-bot/node_modules/@discordjs/rest/src/lib/handlers/Shared.ts:148:10)
        at process.processTicksAndRejections (node:internal/process/task_queues:105:5)
        at async BurstHandler.runRequest (/home/tipptop/dev/discord/bots/jeans-lustiger-bot/node_modules/@discordjs/rest/src/lib/handlers/BurstHandler.ts:144:20)
        at async _REST.request (/home/tipptop/dev/discord/bots/jeans-lustiger-bot/node_modules/@discordjs/rest/src/lib/REST.ts:210:20)
        at async ChatInputCommandInteraction.reply (/home/tipptop/dev/discord/bots/jeans-lustiger-bot/node_modules/discord.js/src/structures/interfaces/InteractionResponses.js:194:22)
        at async Module.execute (/home/tipptop/dev/discord/bots/jeans-lustiger-bot/src/commands/terms/accept.ts:67:19)
        at async Client.<anonymous> (/home/tipptop/dev/discord/bots/jeans-lustiger-bot/src/index.ts:82:3) {
      requestBody: [Object],
      rawError: [Object],
      code: 50035,
      status: 400,
      method: 'POST',
      url: 'https://discord.com/api/v10/interactions/1364339022540832950/aW50ZXJhY3Rpb246MTM2NDMzOTAyMjU0MDgzMjk1MDp2dUJmdFN1TTlaY0paMkhUVGp2OU4xU2piVkJJZEszclk2ZHFDb2xrdDE0NkVhZGRBUVNmZjYzbnJDOU85S3lBUzFOVnY1ZldmNkRtanN1eVpCVDdxZXh5U2NGRWQ2dTB3R1VaQXBVNDFCaDdHeDFPWmNrM2NtdDVtZUIxVEY2Sg/callback?with_response=false'
    }
  ]
}
2025-04-22 22:36:18 [INFO] Logging started
2025-04-22 22:36:18 [WARN] The command at /home/tipptop/dev/discord/bots/jeans-lustiger-bot/src/commands/commands.ts is not a suitable command.
2025-04-22 22:38:07 [INFO] Logging started
2025-04-22 22:38:07 [WARN] The command at /home/tipptop/dev/discord/bots/jeans-lustiger-bot/src/commands/terms/revoke.ts is not a suitable command.
2025-04-22 22:38:07 [INFO] Registered 2 Commands:
accept | Accept the Terms and GDPR to let the bot listen to you.
ping   | Replies with Pong!
{
  '0': [
    'accept',
    [Module: null prototype] {
      data: [SlashCommandBuilder],
      execute: [AsyncFunction: execute]
    }
  ],
  '1': [
    'ping',
    [Module: null prototype] {
      data: [SlashCommandBuilder],
      execute: [AsyncFunction: execute]
    }
  ],
  [Symbol(level)]: 'info',
  [Symbol(splat)]: [ [ [Array], [Array] ] ]
}
2025-04-22 22:38:09 [INFO] Ready! Logged in as Jeans lustiger Bot#8643
2025-04-22 22:38:12 [INFO] Got command accept
2025-04-22 22:39:59 [INFO] Reloading commands...
2025-04-22 22:39:59 [WARN] The command at /home/tipptop/dev/discord/bots/jeans-lustiger-bot/src/commands/terms/revoke.ts is not a suitable command.
2025-04-22 22:40:03 [INFO] Got command accept
2025-04-23 00:13:55 [INFO] Logging started
2025-04-23 00:13:55 [WARN] The command at /home/tipptop/dev/discord/bots/jeans-lustiger-bot/src/commands/terms/revoke.ts is not a suitable command.
2025-04-23 00:13:55 [INFO] Registered 2 Commands:
accept | Accept the Terms and GDPR to let the bot listen to you.
ping   | Replies with Pong!
{
  '0': [
    'accept',
    [Module: null prototype] {
      data: [SlashCommandBuilder],
      execute: [AsyncFunction: execute]
    }
  ],
  '1': [
    'ping',
    [Module: null prototype] {
      data: [SlashCommandBuilder],
      execute: [AsyncFunction: execute]
    }
  ],
  [Symbol(level)]: 'info',
  [Symbol(splat)]: [ [ [Array], [Array] ] ]
}
2025-04-23 00:13:56 [INFO] Ready! Logged in as Jeans lustiger Bot#8643
2025-04-23 00:21:49 [INFO] Logging started
2025-04-23 00:21:49 [INFO] /home/tipptop/dev/discord/bots/jeans-lustiger-bot/src
2025-04-23 00:21:49 [WARN] The command at /home/tipptop/dev/discord/bots/jeans-lustiger-bot/src/commands/terms/revoke.ts is not a suitable command.
2025-04-23 00:21:49 [INFO] Registered 2 Commands:
accept | Accept the Terms and GDPR to let the bot listen to you.
ping   | Replies with Pong!
{
  '0': [
    'accept',
    [Module: null prototype] {
      data: [SlashCommandBuilder],
      execute: [AsyncFunction: execute]
    }
  ],
  '1': [
    'ping',
    [Module: null prototype] {
      data: [SlashCommandBuilder],
      execute: [AsyncFunction: execute]
    }
  ],
  [Symbol(level)]: 'info',
  [Symbol(splat)]: [ [ [Array], [Array] ] ]
}
2025-04-23 00:21:49 [INFO] Ready! Logged in as Jeans lustiger Bot#8643
2025-04-23 00:22:42 [INFO] Logging started
2025-04-23 00:22:42 [INFO] /home/tipptop/dev/discord/bots/jeans-lustiger-bot/src
2025-04-23 00:22:42 [WARN] The command at /home/tipptop/dev/discord/bots/jeans-lustiger-bot/src/commands/terms/revoke.ts is not a suitable command.
2025-04-23 00:22:42 [INFO] Registered 2 Commands:
accept | Accept the Terms and GDPR to let the bot listen to you.
ping   | Replies with Pong!
{
  '0': [
    'accept',
    [Module: null prototype] {
      data: [SlashCommandBuilder],
      execute: [AsyncFunction: execute]
    }
  ],
  '1': [
    'ping',
    [Module: null prototype] {
      data: [SlashCommandBuilder],
      execute: [AsyncFunction: execute]
    }
  ],
  [Symbol(level)]: 'info',
  [Symbol(splat)]: [ [ [Array], [Array] ] ]
}
2025-04-23 00:22:43 [INFO] Ready! Logged in as Jeans lustiger Bot#8643
2025-04-23 00:23:28 [INFO] Logging started
2025-04-23 00:23:28 [INFO] /home/tipptop/dev/discord/bots/jeans-lustiger-bot
2025-04-23 00:23:28 [WARN] The command at /home/tipptop/dev/discord/bots/jeans-lustiger-bot/src/commands/terms/revoke.ts is not a suitable command.
2025-04-23 00:23:28 [INFO] Registered 2 Commands:
accept | Accept the Terms and GDPR to let the bot listen to you.
ping   | Replies with Pong!
{
  '0': [
    'accept',
    [Module: null prototype] {
      data: [SlashCommandBuilder],
      execute: [AsyncFunction: execute]
    }
  ],
  '1': [
    'ping',
    [Module: null prototype] {
      data: [SlashCommandBuilder],
      execute: [AsyncFunction: execute]
    }
  ],
  [Symbol(level)]: 'info',
  [Symbol(splat)]: [ [ [Array], [Array] ] ]
}
2025-04-23 00:23:29 [INFO] Ready! Logged in as Jeans lustiger Bot#8643
